GAS LISTING /tmp/cc03gmiT.s 			page 1


   1              		.file	"main.c"
   2              		.option nopic
   3              		.option norelax
   4              		.text
   5              	.Ltext0:
   6              		.cfi_sections	.debug_frame
   7              		.align	2
   8              		.globl	my_thread_body
  10              	my_thread_body:
  11              	.LFB0:
  12              		.file 1 "src/main.c"
   1:src/main.c    **** //
   2:src/main.c    **** // Created by os on 5/6/26.
   3:src/main.c    **** //
   4:src/main.c    **** #include "APIC.h"
   5:src/main.c    **** #include "../lib/console.h"
   6:src/main.c    **** void my_thread_body(void) {
  13              		.loc 1 6 27
  14              		.cfi_startproc
  15 0000 130101FF 		addi	sp,sp,-16
  16              		.cfi_def_cfa_offset 16
  17 0004 23341100 		sd	ra,8(sp)
  18 0008 23308100 		sd	s0,0(sp)
  19              		.cfi_offset 1, -8
  20              		.cfi_offset 8, -16
  21 000c 13040101 		addi	s0,sp,16
  22              		.cfi_def_cfa 8, 0
   7:src/main.c    ****     __putc('}');
  23              		.loc 1 7 5
  24 0010 1305D007 		li	a0,125
  25 0014 97000000 		call	__putc
  25      E7800000 
  26              	.LVL0:
   8:src/main.c    **** }
  27              		.loc 1 8 1 is_stmt 0
  28 001c 83308100 		ld	ra,8(sp)
  29              		.cfi_restore 1
  30 0020 03340100 		ld	s0,0(sp)
  31              		.cfi_restore 8
  32              		.cfi_def_cfa 2, 16
  33 0024 13010101 		addi	sp,sp,16
  34              		.cfi_def_cfa_offset 0
  35 0028 67800000 		jr	ra
  36              		.cfi_endproc
  37              	.LFE0:
  39              		.align	2
  40              		.globl	mainU
  42              	mainU:
  43              	.LFB1:
   9:src/main.c    **** 
  10:src/main.c    **** void mainU(){
  44              		.loc 1 10 13 is_stmt 1
  45              		.cfi_startproc
  46 002c 130101FF 		addi	sp,sp,-16
  47              		.cfi_def_cfa_offset 16
  48 0030 23341100 		sd	ra,8(sp)
  49 0034 23308100 		sd	s0,0(sp)
GAS LISTING /tmp/cc03gmiT.s 			page 2


  50              		.cfi_offset 1, -8
  51              		.cfi_offset 8, -16
  52 0038 13040101 		addi	s0,sp,16
  53              		.cfi_def_cfa 8, 0
  11:src/main.c    ****     // char* a1 = mem_alloc(sizeof(char) * 20);
  12:src/main.c    ****     // *a1 = 'a';
  13:src/main.c    ****     // *(a1+sizeof(char)) ='b';
  14:src/main.c    ****     // __putc(*a1);
  15:src/main.c    ****     // __putc(*(a1+1));
  16:src/main.c    ****     // *(a1+11) = 'h';
  17:src/main.c    ****     // char* a2 = mem_alloc(sizeof(char) * 10);
  18:src/main.c    ****     // *a2 = 'c';
  19:src/main.c    ****     // *(a2+sizeof(char)) ='d';
  20:src/main.c    ****     // mem_free(a1);
  21:src/main.c    ****     // char* a3 = mem_alloc(sizeof(char) * 10);
  22:src/main.c    ****     // *(a3+sizeof(char)) ='f';
  23:src/main.c    ****     // __putc(*a3);
  24:src/main.c    ****     // __putc(*(a3+1));
  25:src/main.c    ****     // __putc(*a1);
  26:src/main.c    ****     // __putc(*(a1+1));
  27:src/main.c    ****     thread_t t = thread_create(my_thread_body);
  54              		.loc 1 27 5
  55              		.loc 1 27 18 is_stmt 0
  56 003c 17050000 		lla	a0,my_thread_body
  56      13050500 
  57 0044 97000000 		call	thread_create
  57      E7800000 
  58              	.LVL1:
  28:src/main.c    ****     thread_start(t);
  59              		.loc 1 28 5 is_stmt 1
  60 004c 97000000 		call	thread_start
  60      E7800000 
  61              	.LVL2:
  29:src/main.c    **** }
  62              		.loc 1 29 1 is_stmt 0
  63 0054 83308100 		ld	ra,8(sp)
  64              		.cfi_restore 1
  65 0058 03340100 		ld	s0,0(sp)
  66              		.cfi_restore 8
  67              		.cfi_def_cfa 2, 16
  68 005c 13010101 		addi	sp,sp,16
  69              		.cfi_def_cfa_offset 0
  70 0060 67800000 		jr	ra
  71              		.cfi_endproc
  72              	.LFE1:
  74              		.align	2
  75              		.globl	drop_to_user
  77              	drop_to_user:
  78              	.LFB2:
  30:src/main.c    **** 
  31:src/main.c    **** 
  32:src/main.c    **** 
  33:src/main.c    **** 
  34:src/main.c    **** void drop_to_user(void (*fn)()) {
  79              		.loc 1 34 33 is_stmt 1
  80              		.cfi_startproc
  81              	.LVL3:
GAS LISTING /tmp/cc03gmiT.s 			page 3


  82 0064 130101FF 		addi	sp,sp,-16
  83              		.cfi_def_cfa_offset 16
  84 0068 23348100 		sd	s0,8(sp)
  85              		.cfi_offset 8, -8
  86 006c 13040101 		addi	s0,sp,16
  87              		.cfi_def_cfa 8, 0
  35:src/main.c    ****     __asm__ volatile ("csrw sepc, %0" :: "r"(fn));
  88              		.loc 1 35 5
  89              	#APP
  90              	# 35 "src/main.c" 1
  36              	
  37:src/main.c    ****     uint64 sstatus;
  91              		csrw sepc, a0
  92              	# 0 "" 2
  93              		.loc 1 37 5
  38:src/main.c    ****     __asm__ volatile ("csrr %0, sstatus" : "=r"(sstatus));
  94              		.loc 1 38 5
  95              	# 38 "src/main.c" 1
  39              	    sstatus &= ~(1UL << 8);
  96              		csrr a5, sstatus
  97              	# 0 "" 2
  98              	.LVL4:
  99              		.loc 1 39 5
 100              		.loc 1 39 13 is_stmt 0
 101              	#NO_APP
 102 0078 93F7F7EF 		andi	a5,a5,-257
 103              	.LVL5:
  40:src/main.c    ****     sstatus |=  (1UL << 5);
 104              		.loc 1 40 5 is_stmt 1
 105              		.loc 1 40 13 is_stmt 0
 106 007c 93E70702 		ori	a5,a5,32
 107              	.LVL6:
  41:src/main.c    ****     __asm__ volatile ("csrw sstatus, %0" :: "r"(sstatus));
 108              		.loc 1 41 5 is_stmt 1
 109              	#APP
 110              	# 41 "src/main.c" 1
  42              	
  43:src/main.c    ****     __asm__ volatile ("sret");
 111              		csrw sstatus, a5
 112              	# 0 "" 2
 113              		.loc 1 43 5
 114              	# 43 "src/main.c" 1
  44              	}
 115              		sret
 116              	# 0 "" 2
 117              		.loc 1 44 1 is_stmt 0
 118              	#NO_APP
 119 0088 03348100 		ld	s0,8(sp)
 120              		.cfi_restore 8
 121              		.cfi_def_cfa 2, 16
 122 008c 13010101 		addi	sp,sp,16
 123              		.cfi_def_cfa_offset 0
 124 0090 67800000 		jr	ra
 125              		.cfi_endproc
 126              	.LFE2:
 128              		.align	2
 129              		.globl	main
GAS LISTING /tmp/cc03gmiT.s 			page 4


 131              	main:
 132              	.LFB3:
  45:src/main.c    **** void interupt();
  46:src/main.c    **** int main() {
 133              		.loc 1 46 12 is_stmt 1
 134              		.cfi_startproc
 135 0094 130101FF 		addi	sp,sp,-16
 136              		.cfi_def_cfa_offset 16
 137 0098 23341100 		sd	ra,8(sp)
 138 009c 23308100 		sd	s0,0(sp)
 139              		.cfi_offset 1, -8
 140              		.cfi_offset 8, -16
 141 00a0 13040101 		addi	s0,sp,16
 142              		.cfi_def_cfa 8, 0
  47:src/main.c    ****     __asm__ volatile("csrw sie, zero");
 143              		.loc 1 47 5
 144              	#APP
 145              	# 47 "src/main.c" 1
  48              	    __asm__ volatile("csrw stvec, %[v]" :: [v]"r"(&interupt));
 146              		csrw sie, zero
 147              	# 0 "" 2
 148              		.loc 1 48 5
 149              	#NO_APP
 150 00a8 97070000 		lla	a5,interupt
 150      93870700 
 151              	#APP
 152              	# 48 "src/main.c" 1
  49              	    drop_to_user(mainU);
 153              		csrw stvec, a5
 154              	# 0 "" 2
 155              		.loc 1 49 5
 156              	#NO_APP
 157 00b4 17050000 		lla	a0,mainU
 157      13050500 
 158 00bc 97000000 		call	drop_to_user
 158      E7800000 
 159              	.LVL7:
  50:src/main.c    ****     return 0;
 160              		.loc 1 50 5
  51:src/main.c    **** }
 161              		.loc 1 51 1 is_stmt 0
 162 00c4 13050000 		li	a0,0
 163 00c8 83308100 		ld	ra,8(sp)
 164              		.cfi_restore 1
 165 00cc 03340100 		ld	s0,0(sp)
 166              		.cfi_restore 8
 167              		.cfi_def_cfa 2, 16
 168 00d0 13010101 		addi	sp,sp,16
 169              		.cfi_def_cfa_offset 0
 170 00d4 67800000 		jr	ra
 171              		.cfi_endproc
 172              	.LFE3:
 174              	.Letext0:
 175              		.file 2 "src/../lib/hw.h"
 176              		.file 3 "src/APIC.h"
 177              		.file 4 "src/../lib/console.h"
GAS LISTING /tmp/cc03gmiT.s 			page 5


DEFINED SYMBOLS
                            *ABS*:0000000000000000 main.c
     /tmp/cc03gmiT.s:10     .text:0000000000000000 my_thread_body
     /tmp/cc03gmiT.s:14     .text:0000000000000000 .L0 
     /tmp/cc03gmiT.s:15     .text:0000000000000000 .L0 
     /tmp/cc03gmiT.s:16     .text:0000000000000004 .L0 
     /tmp/cc03gmiT.s:19     .text:000000000000000c .L0 
     /tmp/cc03gmiT.s:20     .text:000000000000000c .L0 
     /tmp/cc03gmiT.s:22     .text:0000000000000010 .L0 
     /tmp/cc03gmiT.s:24     .text:0000000000000010 .L0 
     /tmp/cc03gmiT.s:28     .text:000000000000001c .L0 
     /tmp/cc03gmiT.s:29     .text:0000000000000020 .L0 
     /tmp/cc03gmiT.s:31     .text:0000000000000024 .L0 
     /tmp/cc03gmiT.s:32     .text:0000000000000024 .L0 
     /tmp/cc03gmiT.s:34     .text:0000000000000028 .L0 
     /tmp/cc03gmiT.s:36     .text:000000000000002c .L0 
     /tmp/cc03gmiT.s:42     .text:000000000000002c mainU
     /tmp/cc03gmiT.s:45     .text:000000000000002c .L0 
     /tmp/cc03gmiT.s:46     .text:000000000000002c .L0 
     /tmp/cc03gmiT.s:47     .text:0000000000000030 .L0 
     /tmp/cc03gmiT.s:50     .text:0000000000000038 .L0 
     /tmp/cc03gmiT.s:51     .text:0000000000000038 .L0 
     /tmp/cc03gmiT.s:53     .text:000000000000003c .L0 
     /tmp/cc03gmiT.s:55     .text:000000000000003c .L0 
     /tmp/cc03gmiT.s:56     .text:000000000000003c .L0 
     /tmp/cc03gmiT.s:60     .text:000000000000004c .L0 
     /tmp/cc03gmiT.s:63     .text:0000000000000054 .L0 
     /tmp/cc03gmiT.s:64     .text:0000000000000058 .L0 
     /tmp/cc03gmiT.s:66     .text:000000000000005c .L0 
     /tmp/cc03gmiT.s:67     .text:000000000000005c .L0 
     /tmp/cc03gmiT.s:69     .text:0000000000000060 .L0 
     /tmp/cc03gmiT.s:71     .text:0000000000000064 .L0 
     /tmp/cc03gmiT.s:77     .text:0000000000000064 drop_to_user
     /tmp/cc03gmiT.s:80     .text:0000000000000064 .L0 
     /tmp/cc03gmiT.s:82     .text:0000000000000064 .L0 
     /tmp/cc03gmiT.s:83     .text:0000000000000068 .L0 
     /tmp/cc03gmiT.s:85     .text:000000000000006c .L0 
     /tmp/cc03gmiT.s:87     .text:0000000000000070 .L0 
          src/main.c:35     .text:0000000000000070 .L0 
     /tmp/cc03gmiT.s:94     .text:0000000000000074 .L0 
          src/main.c:38     .text:0000000000000074 .L0 
     /tmp/cc03gmiT.s:100    .text:0000000000000078 .L0 
     /tmp/cc03gmiT.s:102    .text:0000000000000078 .L0 
     /tmp/cc03gmiT.s:105    .text:000000000000007c .L0 
     /tmp/cc03gmiT.s:106    .text:000000000000007c .L0 
          src/main.c:41     .text:0000000000000080 .L0 
          src/main.c:43     .text:0000000000000084 .L0 
     /tmp/cc03gmiT.s:119    .text:0000000000000088 .L0 
     /tmp/cc03gmiT.s:120    .text:000000000000008c .L0 
     /tmp/cc03gmiT.s:121    .text:000000000000008c .L0 
     /tmp/cc03gmiT.s:123    .text:0000000000000090 .L0 
     /tmp/cc03gmiT.s:125    .text:0000000000000094 .L0 
     /tmp/cc03gmiT.s:131    .text:0000000000000094 main
     /tmp/cc03gmiT.s:134    .text:0000000000000094 .L0 
     /tmp/cc03gmiT.s:135    .text:0000000000000094 .L0 
     /tmp/cc03gmiT.s:136    .text:0000000000000098 .L0 
     /tmp/cc03gmiT.s:139    .text:00000000000000a0 .L0 
GAS LISTING /tmp/cc03gmiT.s 			page 6


     /tmp/cc03gmiT.s:140    .text:00000000000000a0 .L0 
     /tmp/cc03gmiT.s:142    .text:00000000000000a4 .L0 
          src/main.c:47     .text:00000000000000a4 .L0 
     /tmp/cc03gmiT.s:150    .text:00000000000000a8 .L0 
     /tmp/cc03gmiT.s:157    .text:00000000000000b4 .L0 
     /tmp/cc03gmiT.s:161    .text:00000000000000c4 .L0 
     /tmp/cc03gmiT.s:162    .text:00000000000000c4 .L0 
     /tmp/cc03gmiT.s:164    .text:00000000000000cc .L0 
     /tmp/cc03gmiT.s:166    .text:00000000000000d0 .L0 
     /tmp/cc03gmiT.s:167    .text:00000000000000d0 .L0 
     /tmp/cc03gmiT.s:169    .text:00000000000000d4 .L0 
     /tmp/cc03gmiT.s:171    .text:00000000000000d8 .L0 
     /tmp/cc03gmiT.s:178    .text:00000000000000d8 .L0 
                     .debug_frame:0000000000000000 .L0 
     /tmp/cc03gmiT.s:56     .text:000000000000003c .L0 
     /tmp/cc03gmiT.s:150    .text:00000000000000a8 .L0 
     /tmp/cc03gmiT.s:157    .text:00000000000000b4 .L0 
     /tmp/cc03gmiT.s:441    .debug_abbrev:0000000000000000 .Ldebug_abbrev0
     /tmp/cc03gmiT.s:857    .debug_str:0000000000000185 .LASF25
     /tmp/cc03gmiT.s:819    .debug_str:0000000000000087 .LASF26
     /tmp/cc03gmiT.s:815    .debug_str:0000000000000050 .LASF27
     /tmp/cc03gmiT.s:5      .text:0000000000000000 .Ltext0
     /tmp/cc03gmiT.s:174    .text:00000000000000d8 .Letext0
     /tmp/cc03gmiT.s:801    .debug_line:0000000000000000 .Ldebug_line0
     /tmp/cc03gmiT.s:803    .debug_str:0000000000000000 .LASF0
     /tmp/cc03gmiT.s:847    .debug_str:000000000000013d .LASF1
     /tmp/cc03gmiT.s:829    .debug_str:00000000000000c1 .LASF2
     /tmp/cc03gmiT.s:823    .debug_str:00000000000000a5 .LASF4
     /tmp/cc03gmiT.s:817    .debug_str:0000000000000075 .LASF3
     /tmp/cc03gmiT.s:811    .debug_str:0000000000000039 .LASF5
     /tmp/cc03gmiT.s:821    .debug_str:0000000000000092 .LASF6
     /tmp/cc03gmiT.s:845    .debug_str:000000000000012a .LASF7
     /tmp/cc03gmiT.s:855    .debug_str:0000000000000175 .LASF8
     /tmp/cc03gmiT.s:807    .debug_str:000000000000001c .LASF9
     /tmp/cc03gmiT.s:809    .debug_str:000000000000002a .LASF10
     /tmp/cc03gmiT.s:851    .debug_str:0000000000000160 .LASF11
     /tmp/cc03gmiT.s:813    .debug_str:0000000000000040 .LASF12
     /tmp/cc03gmiT.s:849    .debug_str:0000000000000150 .LASF13
     /tmp/cc03gmiT.s:827    .debug_str:00000000000000b5 .LASF14
     /tmp/cc03gmiT.s:841    .debug_str:000000000000010c .LASF15
     /tmp/cc03gmiT.s:837    .debug_str:00000000000000e9 .LASF16
     /tmp/cc03gmiT.s:825    .debug_str:00000000000000ac .LASF17
     /tmp/cc03gmiT.s:833    .debug_str:00000000000000dd .LASF18
     /tmp/cc03gmiT.s:132    .text:0000000000000094 .LFB3
     /tmp/cc03gmiT.s:172    .text:00000000000000d8 .LFE3
     /tmp/cc03gmiT.s:159    .text:00000000000000c4 .LVL7
     /tmp/cc03gmiT.s:859    .debug_str:0000000000000223 .LASF19
     /tmp/cc03gmiT.s:78     .text:0000000000000064 .LFB2
     /tmp/cc03gmiT.s:126    .text:0000000000000094 .LFE2
     /tmp/cc03gmiT.s:843    .debug_str:0000000000000122 .LASF20
     /tmp/cc03gmiT.s:853    .debug_str:000000000000016f .LASF28
     /tmp/cc03gmiT.s:43     .text:000000000000002c .LFB1
     /tmp/cc03gmiT.s:72     .text:0000000000000064 .LFE1
     /tmp/cc03gmiT.s:781    .debug_loc:0000000000000000 .LLST0
     /tmp/cc03gmiT.s:58     .text:000000000000004c .LVL1
     /tmp/cc03gmiT.s:61     .text:0000000000000054 .LVL2
     /tmp/cc03gmiT.s:805    .debug_str:000000000000000d .LASF21
GAS LISTING /tmp/cc03gmiT.s 			page 7


     /tmp/cc03gmiT.s:11     .text:0000000000000000 .LFB0
     /tmp/cc03gmiT.s:37     .text:000000000000002c .LFE0
     /tmp/cc03gmiT.s:26     .text:000000000000001c .LVL0
     /tmp/cc03gmiT.s:831    .debug_str:00000000000000cf .LASF22
     /tmp/cc03gmiT.s:839    .debug_str:00000000000000ff .LASF23
     /tmp/cc03gmiT.s:835    .debug_str:00000000000000e2 .LASF24
     /tmp/cc03gmiT.s:179    .debug_info:0000000000000000 .Ldebug_info0

UNDEFINED SYMBOLS
__putc
thread_create
thread_start
interupt
